<?xml version="1.0" encoding="UTF-8"?>
<!-- Generated by org.testng.reporters.JUnitReportReporter -->
<testsuite hostname="kiran-PC" name="PagesTest.LoginPageTest" tests="2" failures="0" timestamp="5 Mar 2020 10:48:11 GMT" time="55.813" errors="0">
  <testcase name="titleTest" time="26.317" classname="PagesTest.LoginPageTest"/>
  <testcase name="UrlTest" time="29.496" classname="PagesTest.LoginPageTest"/>
</testsuite> <!-- PagesTest.LoginPageTest -->
