<?xml version="1.0" encoding="UTF-8"?>
<!-- Generated by org.testng.reporters.JUnitReportReporter -->
<testsuite hostname="kiran-PC" name="PagesTest.HomePageTest" tests="2" failures="0" timestamp="4 Mar 2020 13:11:16 GMT" time="42.892" errors="0">
  <testcase name="UrlTest" time="23.729" classname="PagesTest.HomePageTest"/>
  <testcase name="titleTest" time="19.163" classname="PagesTest.HomePageTest"/>
</testsuite> <!-- PagesTest.HomePageTest -->
